{"/Users/Marius/Desktop/code/Noroff/2/workflow-2-course-assignment-MariusHesby/scripts/helpers/returnPerson.js": {"path":"/Users/Marius/Desktop/code/Noroff/2/workflow-2-course-assignment-MariusHesby/scripts/helpers/returnPerson.js","statementMap":{"0":{"start":{"line":2,"column":1},"end":{"line":5,"column":3}}},"fnMap":{"0":{"name":"returnPerson","decl":{"start":{"line":1,"column":16},"end":{"line":1,"column":28}},"loc":{"start":{"line":1,"column":40},"end":{"line":6,"column":1}},"line":1}},"branchMap":{},"s":{"0":1},"f":{"0":1},"b":{},"_coverageSchema":"1a1c01bbd47fc00a2c39e90264f33305004495a9","hash":"f772b69af3850c3b1be333ea3ff86118a00a4ac4"}
}
